2017-Apr-12 00:34:16 Наличие необходимых модулей php (check_php_modules): Ok
Все необходимые модули установлены
2017-Apr-12 00:34:17 Обязательные параметры PHP (check_php_settings): Fail
Ошибка! Значение max_input_vars должно быть не ниже 10000. Текущее значение: 1000
2017-Apr-12 00:34:17 Модули веб-сервера (check_security): Ok
Конфликтов не выявлено
2017-Apr-12 00:34:17 Значения переменных сервера (check_server_vars): Ok
Корректные
2017-Apr-12 00:34:17 Сохранение сессии (check_session): Ok
50% done
2017-Apr-12 00:34:17 Сохранение сессии (check_session): Ok
Успешно
2017-Apr-12 00:34:18 Параметры настройки UTF (mbstring и константа BX_UTF) (check_mbstring): Ok
Правильные. Сайт работает в однобайтовой кодировке
2017-Apr-12 00:34:18 Служебные скрипты в корне сайта (check_install_scripts): Ok
Отсутствуют
2017-Apr-12 00:34:18 Работа с сокетами (check_socket): Ok
Connection to localhost:80	Success

Успешно
2017-Apr-12 00:34:18 Параметры подключения к базе данных (check_dbconn_settings): Ok
Успешно
2017-Apr-12 00:34:19 Лишний вывод в файлах конфигурации (check_dbconn): Ok
Connection to localhost:80	Success

Успешно
2017-Apr-12 00:34:19 Выполнение агентов на cron (check_bx_crontab): Warning
Замечание. Агенты выполняются на хитах, рекомендуется перевести выполнение агентов на cron
2017-Apr-12 00:34:19 Сохранение сессии без UserAgent (check_session_ua): Ok
50% done
Connection to localhost:80	Success

2017-Apr-12 00:34:19 Сохранение сессии без UserAgent (check_session_ua): Ok
Connection to localhost:80	Success

Успешно
2017-Apr-12 00:34:20 Настройки сайтов (check_sites): Ok
Правильные
2017-Apr-12 00:34:20 Передача объектов по ссылке (check_clone): Ok
Успешно
2017-Apr-12 00:34:20 Размер стека и pcre.recursion_limit (check_pcre_recursion): Ok
Connection to localhost:80	Success

Успешно
2017-Apr-12 00:34:20 Вызов method_exists на строке (check_method_exists): Ok
Connection to localhost:80	Success

Успешно
2017-Apr-12 00:34:21 Загрузка файла (check_upload): Ok
Connection to localhost:80	Success

Успешно
2017-Apr-12 00:34:21 Загрузка файла больше 4Мб (check_upload_big): Ok
Connection to localhost:80	Success

Успешно
2017-Apr-12 00:34:21 Загрузка файла через php://input (check_upload_raw): Ok
Connection to localhost:80	Success

Успешно
2017-Apr-12 00:34:21 Передача POST запроса с большим числом параметров (check_post): Ok
Connection to localhost:80	Success

Успешно
2017-Apr-12 00:34:22 Отправка почты (check_mail): Ok
Успешно
2017-Apr-12 00:34:22 Отправка почтового сообщения больше 64Кб (check_mail_big): Ok
Успешно
2017-Apr-12 00:34:22 Проверка на наличие неотправленных сообщений (check_mail_b_event): Ok
Успешно
2017-Apr-12 00:34:23 Внутреннее перенаправление (функция LocalRedirect) (check_localredirect): Ok
50% done
Connection to localhost:80	Success

2017-Apr-12 00:34:23 Внутреннее перенаправление (функция LocalRedirect) (check_localredirect): Ok
Connection to localhost:80	Success

Успешно
2017-Apr-12 00:34:23 Фактическое ограничение памяти (check_memory_limit): Ok
20% done
Connection to localhost:80	Success

2017-Apr-12 00:34:23 Фактическое ограничение памяти (check_memory_limit): Ok
40% done
Connection to localhost:80	Success

2017-Apr-12 00:34:24 Фактическое ограничение памяти (check_memory_limit): Ok
60% done
Connection to localhost:80	Success

2017-Apr-12 00:34:24 Фактическое ограничение памяти (check_memory_limit): Ok
80% done
Connection to localhost:80	Success

2017-Apr-12 00:34:24 Фактическое ограничение памяти (check_memory_limit): Ok
Connection to localhost:80	Success

Не менее 256 М
2017-Apr-12 00:34:24 Работа с файлами кеша (check_cache): Ok
Успешно
2017-Apr-12 00:34:25 Доступ к серверу обновлений (check_update): Ok
Успешно
2017-Apr-12 00:34:25 HTTP авторизация (check_http_auth): Ok
Connection to localhost:80	Success

Успешно
2017-Apr-12 00:34:25 Создание и запуск файла (check_exec): Ok
Connection to localhost:80	Success

Успешно
2017-Apr-12 00:34:26 Функция getimagesize для swf (check_getimagesize): Ok
Успешно
2017-Apr-12 00:34:26 Версия MySQL-сервера (check_mysql_bug_version): Ok
Успешно
2017-Apr-12 00:34:27 Время на БД и веб-сервере (check_mysql_time): Fail
Ошибка! Время отличается на 14400 секунд
2017-Apr-12 00:34:27 Режим работы MySQL (check_mysql_mode): Ok
Успешно
2017-Apr-12 00:34:27 Кодировка соединения (check_mysql_connection_charset): Ok
character_set_connection=cp1251, collation_connection=cp1251_general_ci, character_set_results=cp1251
Успешно
2017-Apr-12 00:34:27 Кодировка базы данных (check_mysql_db_charset): Ok
CHARSET=cp1251, COLLATION=cp1251_general_ci
Успешно
2017-Apr-12 00:34:29 Кодировки таблиц в БД (check_mysql_table_charset): Ok
Успешно
2017-Apr-12 00:34:29 Структура базы данных (check_mysql_table_structure): Ok
0% done
2017-Apr-12 00:34:30 Структура базы данных (check_mysql_table_structure): Ok
8% done
2017-Apr-12 00:34:30 Структура базы данных (check_mysql_table_structure): Ok
16% done
2017-Apr-12 00:34:32 Структура базы данных (check_mysql_table_structure): Ok
25% done
2017-Apr-12 00:34:32 Структура базы данных (check_mysql_table_structure): Ok
33% done
2017-Apr-12 00:34:36 Структура базы данных (check_mysql_table_structure): Ok
41% done
2017-Apr-12 00:34:47 Структура базы данных (check_mysql_table_structure): Ok
50% done
2017-Apr-12 00:34:49 Структура базы данных (check_mysql_table_structure): Ok
58% done
2017-Apr-12 00:34:52 Структура базы данных (check_mysql_table_structure): Ok
66% done
